{"recorder_version":"11","session":"7f8a6affe62f","build":"191.8026.42.35.6010548","bucket":"184","time":1577288161021,"group":{"id":"settings","version":"2"},"event":{"state":true,"data":{"created":1577288161023,"invoked":true},"id":"NotRoamableUiSettings"}}
{"recorder_version":"11","session":"7f8a6affe62f","build":"191.8026.42.35.6010548","bucket":"184","time":1577288161027,"group":{"id":"settings","version":"2"},"event":{"state":true,"data":{"created":1577288161040,"invoked":true},"id":"UISettings"}}
{"recorder_version":"11","session":"7f8a6affe62f","build":"191.8026.42.35.6010548","bucket":"184","time":1577288161052,"group":{"id":"system.os","version":"1"},"event":{"state":true,"data":{"created":1577288161055,"version":"10.0"},"id":"Windows"}}
{"recorder_version":"11","session":"7f8a6affe62f","build":"191.8026.42.35.6010548","bucket":"184","time":1577288161052,"group":{"id":"system.os","version":"1"},"event":{"state":true,"data":{"created":1577288161055},"id":"invoked"}}
{"recorder_version":"11","session":"7f8a6affe62f","build":"191.8026.42.35.6010548","bucket":"184","time":1577288161052,"group":{"id":"system.java","version":"1"},"event":{"state":true,"data":{"created":1577288161058,"version":"1.8"},"id":"JetBrains"}}
{"recorder_version":"11","session":"7f8a6affe62f","build":"191.8026.42.35.6010548","bucket":"184","time":1577288161052,"group":{"id":"system.java","version":"1"},"event":{"state":true,"data":{"created":1577288161060},"id":"invoked"}}
{"recorder_version":"11","session":"7f8a6affe62f","build":"191.8026.42.35.6010548","bucket":"184","time":1577288163144,"group":{"id":"settings","version":"2"},"event":{"state":true,"data":{"created":1577288163144,"invoked":true},"id":"GeneralSettings"}}
{"recorder_version":"11","session":"7f8a6affe62f","build":"191.8026.42.35.6010548","bucket":"184","time":1577288167875,"group":{"id":"performance","version":"11"},"event":{"count":1,"data":{"duration_ms":4093,"created":1577288167875},"id":"ui.latency"}}
{"recorder_version":"11","session":"7f8a6affe62f","build":"191.8026.42.35.6010548","bucket":"184","time":1577288167875,"group":{"id":"performance","version":"11"},"event":{"count":1,"data":{"duration_ms":4093,"created":1577288167876},"id":"ui.lagging"}}
{"recorder_version":"11","session":"7f8a6affe62f","build":"191.8026.42.35.6010548","bucket":"184","time":1577288167875,"group":{"id":"performance","version":"11"},"event":{"count":1,"data":{"duration_ms":3096,"created":1577288167876},"id":"ui.lagging"}}
{"recorder_version":"11","session":"7f8a6affe62f","build":"191.8026.42.35.6010548","bucket":"184","time":1577288167876,"group":{"id":"performance","version":"11"},"event":{"count":1,"data":{"duration_ms":2087,"created":1577288167877},"id":"ui.lagging"}}
{"recorder_version":"11","session":"7f8a6affe62f","build":"191.8026.42.35.6010548","bucket":"184","time":1577288167878,"group":{"id":"performance","version":"11"},"event":{"count":1,"data":{"duration_ms":1089,"created":1577288167879},"id":"ui.lagging"}}
{"recorder_version":"11","session":"7f8a6affe62f","build":"191.8026.42.35.6010548","bucket":"184","time":1577288167922,"group":{"id":"performance","version":"11"},"event":{"count":1,"data":{"duration_ms":114,"created":1577288167923},"id":"ui.lagging"}}
{"recorder_version":"11","session":"7f8a6affe62f","build":"191.8026.42.35.6010548","bucket":"184","time":1577288168241,"group":{"id":"ui.dialogs","version":"11"},"event":{"count":1,"data":{"created":1577288168241,"plugin_type":"PLATFORM","type":"show"},"id":"com.intellij.openapi.progress.util.ProgressDialog$MyDialogWrapper"}}
{"recorder_version":"11","session":"7f8a6affe62f","build":"191.8026.42.35.6010548","bucket":"184","time":1577288171915,"group":{"id":"ui.dialogs","version":"11"},"event":{"count":1,"data":{"code":1,"created":1577288171915,"plugin_type":"PLATFORM","type":"close"},"id":"com.intellij.openapi.progress.util.ProgressDialog$MyDialogWrapper"}}
{"recorder_version":"11","session":"7f8a6affe62f","build":"191.8026.42.35.6010548","bucket":"184","time":1577288171935,"group":{"id":"lifecycle","version":"11"},"event":{"count":1,"data":{"created":1577288171935,"project":"6430e39a3f8a8d8dca3f7613b172b40ee7114de93897466d599977947e7d64e7"},"id":"project.opened"}}
{"recorder_version":"11","session":"7f8a6affe62f","build":"191.8026.42.35.6010548","bucket":"184","time":1577288176160,"group":{"id":"performance","version":"11"},"event":{"count":1,"data":{"duration_ms":3339,"created":1577288176160},"id":"ui.lagging"}}
{"recorder_version":"11","session":"7f8a6affe62f","build":"191.8026.42.35.6010548","bucket":"184","time":1577288176161,"group":{"id":"performance","version":"11"},"event":{"count":1,"data":{"duration_ms":2339,"created":1577288176161},"id":"ui.lagging"}}
{"recorder_version":"11","session":"7f8a6affe62f","build":"191.8026.42.35.6010548","bucket":"184","time":1577288176161,"group":{"id":"performance","version":"11"},"event":{"count":1,"data":{"duration_ms":1337,"created":1577288176162},"id":"ui.lagging"}}
{"recorder_version":"11","session":"7f8a6affe62f","build":"191.8026.42.35.6010548","bucket":"184","time":1577288176162,"group":{"id":"performance","version":"11"},"event":{"count":1,"data":{"duration_ms":330,"created":1577288176162},"id":"ui.lagging"}}
{"recorder_version":"11","session":"7f8a6affe62f","build":"191.8026.42.35.6010548","bucket":"184","time":1577288176168,"group":{"id":"ui.dialogs","version":"11"},"event":{"count":1,"data":{"created":1577288176168,"plugin_type":"PLATFORM","type":"show"},"id":"com.intellij.openapi.progress.util.ProgressDialog$MyDialogWrapper"}}
{"recorder_version":"11","session":"7f8a6affe62f","build":"191.8026.42.35.6010548","bucket":"184","time":1577288179725,"group":{"id":"file.types.usage","version":"11"},"event":{"count":1,"data":{"created":1577288179725,"plugin_type":"PLATFORM","project":"6430e39a3f8a8d8dca3f7613b172b40ee7114de93897466d599977947e7d64e7","type":"open"},"id":"XML"}}
{"recorder_version":"11","session":"7f8a6affe62f","build":"191.8026.42.35.6010548","bucket":"184","time":1577288179771,"group":{"id":"performance","version":"11"},"event":{"count":1,"data":{"duration_ms":936,"created":1577288179771},"id":"ui.lagging"}}
{"recorder_version":"11","session":"7f8a6affe62f","build":"191.8026.42.35.6010548","bucket":"184","time":1577288179876,"group":{"id":"file.types.usage","version":"11"},"event":{"count":1,"data":{"created":1577288179876,"plugin_type":"PLATFORM","project":"6430e39a3f8a8d8dca3f7613b172b40ee7114de93897466d599977947e7d64e7","type":"open"},"id":"XML"}}
{"recorder_version":"11","session":"7f8a6affe62f","build":"191.8026.42.35.6010548","bucket":"184","time":1577288180140,"group":{"id":"file.types.usage","version":"11"},"event":{"count":1,"data":{"created":1577288180141,"plugin_type":"PLATFORM","project":"6430e39a3f8a8d8dca3f7613b172b40ee7114de93897466d599977947e7d64e7","type":"open"},"id":"JAVA"}}
{"recorder_version":"11","session":"7f8a6affe62f","build":"191.8026.42.35.6010548","bucket":"184","time":1577288180255,"group":{"id":"lifecycle","version":"11"},"event":{"count":1,"data":{"eap":false,"created":1577288180255},"id":"ide.start"}}
{"recorder_version":"11","session":"7f8a6affe62f","build":"191.8026.42.35.6010548","bucket":"184","time":1577288181334,"group":{"id":"performance","version":"11"},"event":{"count":1,"data":{"duration_ms":494,"created":1577288181334},"id":"ui.lagging"}}
{"recorder_version":"11","session":"7f8a6affe62f","build":"191.8026.42.35.6010548","bucket":"184","time":1577288181838,"group":{"id":"ui.tips","version":"1"},"event":{"count":1,"data":{"created":1577288181838},"id":"shown.automatically"}}
{"recorder_version":"11","session":"7f8a6affe62f","build":"191.8026.42.35.6010548","bucket":"184","time":1577288181923,"group":{"id":"ui.dialogs","version":"11"},"event":{"count":1,"data":{"created":1577288181924,"plugin_type":"PLATFORM","type":"show"},"id":"com.intellij.ide.util.TipDialog"}}
{"recorder_version":"11","session":"7f8a6affe62f","build":"191.8026.42.35.6010548","bucket":"184","time":1577288182016,"group":{"id":"ui.dialogs","version":"11"},"event":{"count":1,"data":{"created":1577288182016,"plugin_type":"PLATFORM","type":"show"},"id":"com.intellij.openapi.ui.messages.MessageDialog"}}
{"recorder_version":"11","session":"7f8a6affe62f","build":"191.8026.42.35.6010548","bucket":"184","time":1577288182106,"group":{"id":"performance","version":"11"},"event":{"count":1,"data":{"duration_ms":264,"created":1577288182106},"id":"ui.lagging"}}
{"recorder_version":"11","session":"7f8a6affe62f","build":"191.8026.42.35.6010548","bucket":"184","time":1577288182257,"group":{"id":"ui.dialogs","version":"11"},"event":{"count":1,"data":{"code":1,"created":1577288182259,"plugin_type":"PLATFORM","type":"close"},"id":"com.intellij.openapi.progress.util.ProgressDialog$MyDialogWrapper"}}
{"recorder_version":"11","session":"7f8a6affe62f","build":"191.8026.42.35.6010548","bucket":"184","time":1577288183221,"group":{"id":"actions","version":"11"},"event":{"count":1,"data":{"context_menu":false,"os":"Windows","created":1577288183221,"plugin_type":"PLATFORM","project":"6430e39a3f8a8d8dca3f7613b172b40ee7114de93897466d599977947e7d64e7","place":"MainMenu","input_event":"Enter"},"id":"com.intellij.openapi.ui.DialogWrapper$6"}}
{"recorder_version":"11","session":"7f8a6affe62f","build":"191.8026.42.35.6010548","bucket":"184","time":1577288183341,"group":{"id":"lifecycle","version":"11"},"event":{"count":1,"data":{"restart":false,"created":1577288183341},"id":"ide.close"}}
{"recorder_version":"11","session":"7f8a6affe62f","build":"191.8026.42.35.6010548","bucket":"184","time":1577288183679,"group":{"id":"lifecycle","version":"11"},"event":{"count":1,"data":{"created":1577288183679,"project":"6430e39a3f8a8d8dca3f7613b172b40ee7114de93897466d599977947e7d64e7"},"id":"project.closed"}}
